{"C:\\Users\\bumerangs\\todo-app\\backend\\server.js": {"path":"C:\\Users\\bumerangs\\todo-app\\backend\\server.js","statementMap":{"0":{"start":{"line":1,"column":16},"end":{"line":1,"column":34}},"1":{"start":{"line":2,"column":13},"end":{"line":2,"column":28}},"2":{"start":{"line":3,"column":23},"end":{"line":3,"column":38}},"3":{"start":{"line":5,"column":12},"end":{"line":5,"column":21}},"4":{"start":{"line":7,"column":0},"end":{"line":7,"column":16}},"5":{"start":{"line":8,"column":0},"end":{"line":8,"column":24}},"6":{"start":{"line":11,"column":14},"end":{"line":11,"column":65}},"7":{"start":{"line":13,"column":12},"end":{"line":16,"column":1}},"8":{"start":{"line":18,"column":21},"end":{"line":29,"column":1}},"9":{"start":{"line":19,"column":21},"end":{"line":19,"column":46}},"10":{"start":{"line":20,"column":2},"end":{"line":22,"column":3}},"11":{"start":{"line":21,"column":4},"end":{"line":21,"column":85}},"12":{"start":{"line":23,"column":16},"end":{"line":23,"column":40}},"13":{"start":{"line":25,"column":2},"end":{"line":27,"column":3}},"14":{"start":{"line":26,"column":4},"end":{"line":26,"column":74}},"15":{"start":{"line":28,"column":2},"end":{"line":28,"column":9}},"16":{"start":{"line":31,"column":0},"end":{"line":40,"column":3}},"17":{"start":{"line":32,"column":33},"end":{"line":32,"column":41}},"18":{"start":{"line":33,"column":15},"end":{"line":33,"column":82}},"19":{"start":{"line":33,"column":31},"end":{"line":33,"column":81}},"20":{"start":{"line":35,"column":2},"end":{"line":37,"column":3}},"21":{"start":{"line":36,"column":4},"end":{"line":36,"column":49}},"22":{"start":{"line":39,"column":2},"end":{"line":39,"column":71}},"23":{"start":{"line":42,"column":0},"end":{"line":44,"column":3}},"24":{"start":{"line":43,"column":2},"end":{"line":43,"column":18}},"25":{"start":{"line":46,"column":0},"end":{"line":56,"column":3}},"26":{"start":{"line":47,"column":20},"end":{"line":47,"column":28}},"27":{"start":{"line":49,"column":2},"end":{"line":51,"column":3}},"28":{"start":{"line":50,"column":4},"end":{"line":50,"column":77}},"29":{"start":{"line":53,"column":18},"end":{"line":53,"column":59}},"30":{"start":{"line":54,"column":2},"end":{"line":54,"column":22}},"31":{"start":{"line":55,"column":2},"end":{"line":55,"column":32}},"32":{"start":{"line":59,"column":0},"end":{"line":73,"column":3}},"33":{"start":{"line":60,"column":17},"end":{"line":60,"column":27}},"34":{"start":{"line":61,"column":31},"end":{"line":61,"column":39}},"35":{"start":{"line":63,"column":15},"end":{"line":63,"column":43}},"36":{"start":{"line":63,"column":31},"end":{"line":63,"column":42}},"37":{"start":{"line":65,"column":2},"end":{"line":67,"column":3}},"38":{"start":{"line":66,"column":4},"end":{"line":66,"column":72}},"39":{"start":{"line":69,"column":2},"end":{"line":69,"column":46}},"40":{"start":{"line":69,"column":27},"end":{"line":69,"column":46}},"41":{"start":{"line":70,"column":2},"end":{"line":70,"column":58}},"42":{"start":{"line":70,"column":31},"end":{"line":70,"column":58}},"43":{"start":{"line":72,"column":2},"end":{"line":72,"column":17}},"44":{"start":{"line":76,"column":0},"end":{"line":82,"column":3}},"45":{"start":{"line":77,"column":17},"end":{"line":77,"column":27}},"46":{"start":{"line":78,"column":2},"end":{"line":78,"column":41}},"47":{"start":{"line":78,"column":28},"end":{"line":78,"column":39}},"48":{"start":{"line":81,"column":2},"end":{"line":81,"column":24}},"49":{"start":{"line":84,"column":13},"end":{"line":84,"column":17}},"50":{"start":{"line":86,"column":0},"end":{"line":88,"column":1}},"51":{"start":{"line":87,"column":2},"end":{"line":87,"column":72}},"52":{"start":{"line":87,"column":25},"end":{"line":87,"column":70}},"53":{"start":{"line":90,"column":0},"end":{"line":90,"column":21}}},"fnMap":{"0":{"name":"(anonymous_0)","decl":{"start":{"line":18,"column":21},"end":{"line":18,"column":22}},"loc":{"start":{"line":18,"column":41},"end":{"line":29,"column":1}},"line":18},"1":{"name":"(anonymous_1)","decl":{"start":{"line":31,"column":19},"end":{"line":31,"column":20}},"loc":{"start":{"line":31,"column":33},"end":{"line":40,"column":1}},"line":31},"2":{"name":"(anonymous_2)","decl":{"start":{"line":33,"column":26},"end":{"line":33,"column":27}},"loc":{"start":{"line":33,"column":31},"end":{"line":33,"column":81}},"line":33},"3":{"name":"(anonymous_3)","decl":{"start":{"line":42,"column":32},"end":{"line":42,"column":33}},"loc":{"start":{"line":42,"column":46},"end":{"line":44,"column":1}},"line":42},"4":{"name":"(anonymous_4)","decl":{"start":{"line":46,"column":33},"end":{"line":46,"column":34}},"loc":{"start":{"line":46,"column":47},"end":{"line":56,"column":1}},"line":46},"5":{"name":"(anonymous_5)","decl":{"start":{"line":59,"column":36},"end":{"line":59,"column":37}},"loc":{"start":{"line":59,"column":50},"end":{"line":73,"column":1}},"line":59},"6":{"name":"(anonymous_6)","decl":{"start":{"line":63,"column":26},"end":{"line":63,"column":27}},"loc":{"start":{"line":63,"column":31},"end":{"line":63,"column":42}},"line":63},"7":{"name":"(anonymous_7)","decl":{"start":{"line":76,"column":39},"end":{"line":76,"column":40}},"loc":{"start":{"line":76,"column":53},"end":{"line":82,"column":1}},"line":76},"8":{"name":"(anonymous_8)","decl":{"start":{"line":78,"column":23},"end":{"line":78,"column":24}},"loc":{"start":{"line":78,"column":28},"end":{"line":78,"column":39}},"line":78},"9":{"name":"(anonymous_9)","decl":{"start":{"line":87,"column":19},"end":{"line":87,"column":20}},"loc":{"start":{"line":87,"column":25},"end":{"line":87,"column":70}},"line":87}},"branchMap":{"0":{"loc":{"start":{"line":20,"column":2},"end":{"line":22,"column":3}},"type":"if","locations":[{"start":{"line":20,"column":2},"end":{"line":22,"column":3}},{"start":{},"end":{}}],"line":20},"1":{"loc":{"start":{"line":20,"column":6},"end":{"line":20,"column":54}},"type":"binary-expr","locations":[{"start":{"line":20,"column":6},"end":{"line":20,"column":17}},{"start":{"line":20,"column":21},"end":{"line":20,"column":54}}],"line":20},"2":{"loc":{"start":{"line":25,"column":2},"end":{"line":27,"column":3}},"type":"if","locations":[{"start":{"line":25,"column":2},"end":{"line":27,"column":3}},{"start":{},"end":{}}],"line":25},"3":{"loc":{"start":{"line":33,"column":31},"end":{"line":33,"column":81}},"type":"binary-expr","locations":[{"start":{"line":33,"column":31},"end":{"line":33,"column":54}},{"start":{"line":33,"column":58},"end":{"line":33,"column":81}}],"line":33},"4":{"loc":{"start":{"line":35,"column":2},"end":{"line":37,"column":3}},"type":"if","locations":[{"start":{"line":35,"column":2},"end":{"line":37,"column":3}},{"start":{},"end":{}}],"line":35},"5":{"loc":{"start":{"line":49,"column":2},"end":{"line":51,"column":3}},"type":"if","locations":[{"start":{"line":49,"column":2},"end":{"line":51,"column":3}},{"start":{},"end":{}}],"line":49},"6":{"loc":{"start":{"line":65,"column":2},"end":{"line":67,"column":3}},"type":"if","locations":[{"start":{"line":65,"column":2},"end":{"line":67,"column":3}},{"start":{},"end":{}}],"line":65},"7":{"loc":{"start":{"line":69,"column":2},"end":{"line":69,"column":46}},"type":"if","locations":[{"start":{"line":69,"column":2},"end":{"line":69,"column":46}},{"start":{},"end":{}}],"line":69},"8":{"loc":{"start":{"line":70,"column":2},"end":{"line":70,"column":58}},"type":"if","locations":[{"start":{"line":70,"column":2},"end":{"line":70,"column":58}},{"start":{},"end":{}}],"line":70},"9":{"loc":{"start":{"line":86,"column":0},"end":{"line":88,"column":1}},"type":"if","locations":[{"start":{"line":86,"column":0},"end":{"line":88,"column":1}},{"start":{},"end":{}}],"line":86}},"s":{"0":1,"1":1,"2":1,"3":1,"4":1,"5":1,"6":1,"7":1,"8":1,"9":11,"10":11,"11":4,"12":7,"13":7,"14":0,"15":7,"16":1,"17":3,"18":3,"19":3,"20":3,"21":2,"22":1,"23":1,"24":1,"25":1,"26":2,"27":2,"28":1,"29":1,"30":1,"31":1,"32":1,"33":2,"34":2,"35":2,"36":6,"37":2,"38":1,"39":1,"40":1,"41":1,"42":1,"43":1,"44":1,"45":2,"46":2,"47":5,"48":2,"49":1,"50":1,"51":0,"52":0,"53":1},"f":{"0":11,"1":3,"2":3,"3":1,"4":2,"5":2,"6":6,"7":2,"8":5,"9":0},"b":{"0":[4,7],"1":[11,7],"2":[0,7],"3":[3,2],"4":[2,1],"5":[1,1],"6":[1,1],"7":[1,0],"8":[1,0],"9":[0,1]},"_coverageSchema":"1a1c01bbd47fc00a2c39e90264f33305004495a9","hash":"c57bc56eb4c735fbfcf460ed210cca4472afcfe9"}
}
