TN:
SF:server.js
FN:18,(anonymous_0)
FN:31,(anonymous_1)
FN:33,(anonymous_2)
FN:42,(anonymous_3)
FN:46,(anonymous_4)
FN:59,(anonymous_5)
FN:63,(anonymous_6)
FN:76,(anonymous_7)
FN:78,(anonymous_8)
FN:87,(anonymous_9)
FNF:10
FNH:9
FNDA:11,(anonymous_0)
FNDA:3,(anonymous_1)
FNDA:3,(anonymous_2)
FNDA:1,(anonymous_3)
FNDA:2,(anonymous_4)
FNDA:2,(anonymous_5)
FNDA:6,(anonymous_6)
FNDA:2,(anonymous_7)
FNDA:5,(anonymous_8)
FNDA:0,(anonymous_9)
DA:1,1
DA:2,1
DA:3,1
DA:5,1
DA:7,1
DA:8,1
DA:11,1
DA:13,1
DA:18,1
DA:19,11
DA:20,11
DA:21,4
DA:23,7
DA:25,7
DA:26,0
DA:28,7
DA:31,1
DA:32,3
DA:33,3
DA:35,3
DA:36,2
DA:39,1
DA:42,1
DA:43,1
DA:46,1
DA:47,2
DA:49,2
DA:50,1
DA:53,1
DA:54,1
DA:55,1
DA:59,1
DA:60,2
DA:61,2
DA:63,6
DA:65,2
DA:66,1
DA:69,1
DA:70,1
DA:72,1
DA:76,1
DA:77,2
DA:78,5
DA:81,2
DA:84,1
DA:86,1
DA:87,0
DA:90,1
LF:48
LH:46
BRDA:20,0,0,4
BRDA:20,0,1,7
BRDA:20,1,0,11
BRDA:20,1,1,7
BRDA:25,2,0,0
BRDA:25,2,1,7
BRDA:33,3,0,3
BRDA:33,3,1,2
BRDA:35,4,0,2
BRDA:35,4,1,1
BRDA:49,5,0,1
BRDA:49,5,1,1
BRDA:65,6,0,1
BRDA:65,6,1,1
BRDA:69,7,0,1
BRDA:69,7,1,0
BRDA:70,8,0,1
BRDA:70,8,1,0
BRDA:86,9,0,0
BRDA:86,9,1,1
BRF:20
BRH:16
end_of_record
